[0.133s] DEBUG:colcon:Command line arguments: ['/usr/bin/colcon', 'build', '--packages-select', 'ghost_mentor']
[0.133s] DEBUG:colcon:Parsed command line arguments: Namespace(log_base=None, log_level=None, verb_name='build', build_base='build', install_base='install', merge_install=False, symlink_install=False, test_result_base=None, continue_on_error=False, executor='parallel', parallel_workers=16, event_handlers=None, ignore_user_meta=False, metas=['./colcon.meta'], base_paths=['.'], packages_ignore=None, packages_ignore_regex=None, paths=None, packages_up_to=None, packages_up_to_regex=None, packages_above=None, packages_above_and_dependencies=None, packages_above_depth=None, packages_select_by_dep=None, packages_skip_by_dep=None, packages_skip_up_to=None, packages_select_build_failed=False, packages_skip_build_finished=False, packages_select_test_failures=False, packages_skip_test_passed=False, packages_select=['ghost_mentor'], packages_skip=None, packages_select_regex=None, packages_skip_regex=None, packages_start=None, packages_end=None, allow_overriding=[], cmake_args=None, cmake_target=None, cmake_target_skip_unavailable=False, cmake_clean_cache=False, cmake_clean_first=False, cmake_force_configure=False, ament_cmake_args=None, catkin_cmake_args=None, catkin_skip_building_tests=False, mixin_files=None, mixin=None, verb_parser=<colcon_mixin.mixin.mixin_argument.MixinArgumentDecorator object at 0x7258aee174f0>, verb_extension=<colcon_core.verb.build.BuildVerb object at 0x7258aede0be0>, main=<bound method BuildVerb.main of <colcon_core.verb.build.BuildVerb object at 0x7258aede0be0>>, mixin_verb=('build',))
[0.406s] Level 1:colcon.colcon_core.package_discovery:discover_packages(colcon_meta) check parameters
[0.406s] Level 1:colcon.colcon_core.package_discovery:discover_packages(recursive) check parameters
[0.406s] Level 1:colcon.colcon_core.package_discovery:discover_packages(ignore) check parameters
[0.406s] Level 1:colcon.colcon_core.package_discovery:discover_packages(path) check parameters
[0.406s] Level 1:colcon.colcon_core.package_discovery:discover_packages(colcon_meta) discover
[0.406s] Level 1:colcon.colcon_core.package_discovery:discover_packages(recursive) discover
[0.406s] INFO:colcon.colcon_core.package_discovery:Crawling recursively for packages in '/home/rhkrgusdud/ar_ghost_mentor/ros2_ws'
[0.406s] Level 1:colcon.colcon_core.package_identification:_identify(.) by extensions ['ignore', 'ignore_ament_install']
[0.407s] Level 1:colcon.colcon_core.package_identification:_identify(.) by extension 'ignore'
[0.407s] Level 1:colcon.colcon_core.package_identification:_identify(.) by extension 'ignore_ament_install'
[0.407s] Level 1:colcon.colcon_core.package_identification:_identify(.) by extensions ['colcon_pkg']
[0.407s] Level 1:colcon.colcon_core.package_identification:_identify(.) by extension 'colcon_pkg'
[0.407s] Level 1:colcon.colcon_core.package_identification:_identify(.) by extensions ['colcon_meta']
[0.407s] Level 1:colcon.colcon_core.package_identification:_identify(.) by extension 'colcon_meta'
[0.407s] Level 1:colcon.colcon_core.package_identification:_identify(.) by extensions ['ros']
[0.407s] Level 1:colcon.colcon_core.package_identification:_identify(.) by extension 'ros'
[0.440s] Level 1:colcon.colcon_core.package_identification:_identify(.) by extensions ['cmake', 'python']
[0.440s] Level 1:colcon.colcon_core.package_identification:_identify(.) by extension 'cmake'
[0.440s] Level 1:colcon.colcon_core.package_identification:_identify(.) by extension 'python'
[0.441s] Level 1:colcon.colcon_core.package_identification:_identify(.) by extensions ['python_setup_py']
[0.441s] Level 1:colcon.colcon_core.package_identification:_identify(.) by extension 'python_setup_py'
[0.441s] Level 1:colcon.colcon_core.package_identification:_identify(build) by extensions ['ignore', 'ignore_ament_install']
[0.441s] Level 1:colcon.colcon_core.package_identification:_identify(build) by extension 'ignore'
[0.441s] Level 1:colcon.colcon_core.package_identification:_identify(build) ignored
[0.441s] Level 1:colcon.colcon_core.package_identification:_identify(install) by extensions ['ignore', 'ignore_ament_install']
[0.441s] Level 1:colcon.colcon_core.package_identification:_identify(install) by extension 'ignore'
[0.441s] Level 1:colcon.colcon_core.package_identification:_identify(install) ignored
[0.442s] Level 1:colcon.colcon_core.package_identification:_identify(log) by extensions ['ignore', 'ignore_ament_install']
[0.442s] Level 1:colcon.colcon_core.package_identification:_identify(log) by extension 'ignore'
[0.442s] Level 1:colcon.colcon_core.package_identification:_identify(log) ignored
[0.442s] Level 1:colcon.colcon_core.package_identification:_identify(src) by extensions ['ignore', 'ignore_ament_install']
[0.442s] Level 1:colcon.colcon_core.package_identification:_identify(src) by extension 'ignore'
[0.442s] Level 1:colcon.colcon_core.package_identification:_identify(src) by extension 'ignore_ament_install'
[0.442s] Level 1:colcon.colcon_core.package_identification:_identify(src) by extensions ['colcon_pkg']
[0.442s] Level 1:colcon.colcon_core.package_identification:_identify(src) by extension 'colcon_pkg'
[0.442s] Level 1:colcon.colcon_core.package_identification:_identify(src) by extensions ['colcon_meta']
[0.442s] Level 1:colcon.colcon_core.package_identification:_identify(src) by extension 'colcon_meta'
[0.442s] Level 1:colcon.colcon_core.package_identification:_identify(src) by extensions ['ros']
[0.442s] Level 1:colcon.colcon_core.package_identification:_identify(src) by extension 'ros'
[0.442s] Level 1:colcon.colcon_core.package_identification:_identify(src) by extensions ['cmake', 'python']
[0.442s] Level 1:colcon.colcon_core.package_identification:_identify(src) by extension 'cmake'
[0.443s] Level 1:colcon.colcon_core.package_identification:_identify(src) by extension 'python'
[0.443s] Level 1:colcon.colcon_core.package_identification:_identify(src) by extensions ['python_setup_py']
[0.443s] Level 1:colcon.colcon_core.package_identification:_identify(src) by extension 'python_setup_py'
[0.443s] Level 1:colcon.colcon_core.package_identification:_identify(src/ghost_mentor) by extensions ['ignore', 'ignore_ament_install']
[0.443s] Level 1:colcon.colcon_core.package_identification:_identify(src/ghost_mentor) by extension 'ignore'
[0.443s] Level 1:colcon.colcon_core.package_identification:_identify(src/ghost_mentor) by extension 'ignore_ament_install'
[0.443s] Level 1:colcon.colcon_core.package_identification:_identify(src/ghost_mentor) by extensions ['colcon_pkg']
[0.443s] Level 1:colcon.colcon_core.package_identification:_identify(src/ghost_mentor) by extension 'colcon_pkg'
[0.443s] Level 1:colcon.colcon_core.package_identification:_identify(src/ghost_mentor) by extensions ['colcon_meta']
[0.443s] Level 1:colcon.colcon_core.package_identification:_identify(src/ghost_mentor) by extension 'colcon_meta'
[0.443s] Level 1:colcon.colcon_core.package_identification:_identify(src/ghost_mentor) by extensions ['ros']
[0.443s] Level 1:colcon.colcon_core.package_identification:_identify(src/ghost_mentor) by extension 'ros'
[0.449s] DEBUG:colcon.colcon_core.package_identification:Package 'src/ghost_mentor' with type 'ros.ament_python' and name 'ghost_mentor'
[0.449s] Level 1:colcon.colcon_core.package_discovery:discover_packages(recursive) using defaults
[0.449s] Level 1:colcon.colcon_core.package_discovery:discover_packages(ignore) discover
[0.449s] Level 1:colcon.colcon_core.package_discovery:discover_packages(ignore) using defaults
[0.449s] Level 1:colcon.colcon_core.package_discovery:discover_packages(path) discover
[0.449s] Level 1:colcon.colcon_core.package_discovery:discover_packages(path) using defaults
[0.488s] Level 1:colcon.colcon_core.package_discovery:discover_packages(prefix_path) check parameters
[0.488s] Level 1:colcon.colcon_core.package_discovery:discover_packages(prefix_path) discover
[0.494s] DEBUG:colcon.colcon_installed_package_information.package_discovery:Found 477 installed packages in /opt/ros/humble
[0.499s] Level 1:colcon.colcon_core.package_discovery:discover_packages(prefix_path) using defaults
[0.602s] Level 5:colcon.colcon_core.verb:set package 'ghost_mentor' build argument 'cmake_args' from command line to 'None'
[0.602s] Level 5:colcon.colcon_core.verb:set package 'ghost_mentor' build argument 'cmake_target' from command line to 'None'
[0.603s] Level 5:colcon.colcon_core.verb:set package 'ghost_mentor' build argument 'cmake_target_skip_unavailable' from command line to 'False'
[0.603s] Level 5:colcon.colcon_core.verb:set package 'ghost_mentor' build argument 'cmake_clean_cache' from command line to 'False'
[0.603s] Level 5:colcon.colcon_core.verb:set package 'ghost_mentor' build argument 'cmake_clean_first' from command line to 'False'
[0.603s] Level 5:colcon.colcon_core.verb:set package 'ghost_mentor' build argument 'cmake_force_configure' from command line to 'False'
[0.603s] Level 5:colcon.colcon_core.verb:set package 'ghost_mentor' build argument 'ament_cmake_args' from command line to 'None'
[0.603s] Level 5:colcon.colcon_core.verb:set package 'ghost_mentor' build argument 'catkin_cmake_args' from command line to 'None'
[0.603s] Level 5:colcon.colcon_core.verb:set package 'ghost_mentor' build argument 'catkin_skip_building_tests' from command line to 'False'
[0.603s] DEBUG:colcon.colcon_core.verb:Building package 'ghost_mentor' with the following arguments: {'ament_cmake_args': None, 'build_base': '/home/rhkrgusdud/ar_ghost_mentor/ros2_ws/build/ghost_mentor', 'catkin_cmake_args': None, 'catkin_skip_building_tests': False, 'cmake_args': None, 'cmake_clean_cache': False, 'cmake_clean_first': False, 'cmake_force_configure': False, 'cmake_target': None, 'cmake_target_skip_unavailable': False, 'install_base': '/home/rhkrgusdud/ar_ghost_mentor/ros2_ws/install/ghost_mentor', 'merge_install': False, 'path': '/home/rhkrgusdud/ar_ghost_mentor/ros2_ws/src/ghost_mentor', 'symlink_install': False, 'test_result_base': None}
[0.603s] INFO:colcon.colcon_core.executor:Executing jobs using 'parallel' executor
[0.606s] DEBUG:colcon.colcon_parallel_executor.executor.parallel:run_until_complete
[0.606s] INFO:colcon.colcon_ros.task.ament_python.build:Building ROS package in '/home/rhkrgusdud/ar_ghost_mentor/ros2_ws/src/ghost_mentor' with build type 'ament_python'
[0.607s] Level 1:colcon.colcon_core.shell:create_environment_hook('ghost_mentor', 'ament_prefix_path')
[0.612s] INFO:colcon.colcon_core.plugin_system:Skipping extension 'colcon_core.shell.bat': Not used on non-Windows systems
[0.612s] INFO:colcon.colcon_core.shell:Creating environment hook '/home/rhkrgusdud/ar_ghost_mentor/ros2_ws/install/ghost_mentor/share/ghost_mentor/hook/ament_prefix_path.ps1'
[0.613s] INFO:colcon.colcon_core.shell:Creating environment descriptor '/home/rhkrgusdud/ar_ghost_mentor/ros2_ws/install/ghost_mentor/share/ghost_mentor/hook/ament_prefix_path.dsv'
[0.614s] INFO:colcon.colcon_core.shell:Creating environment hook '/home/rhkrgusdud/ar_ghost_mentor/ros2_ws/install/ghost_mentor/share/ghost_mentor/hook/ament_prefix_path.sh'
[0.616s] INFO:colcon.colcon_core.shell:Skip shell extension 'powershell' for command environment: Not usable outside of PowerShell
[0.616s] DEBUG:colcon.colcon_core.shell:Skip shell extension 'dsv' for command environment
[1.161s] INFO:colcon.colcon_core.task.python.build:Building Python package in '/home/rhkrgusdud/ar_ghost_mentor/ros2_ws/src/ghost_mentor'
[1.162s] INFO:colcon.colcon_core.shell:Skip shell extension 'powershell' for command environment: Not usable outside of PowerShell
[1.162s] DEBUG:colcon.colcon_core.shell:Skip shell extension 'dsv' for command environment
[1.681s] DEBUG:colcon.colcon_core.event_handler.log_command:Invoking command in '/home/rhkrgusdud/ar_ghost_mentor/ros2_ws/src/ghost_mentor': PYTHONPATH=/home/rhkrgusdud/ar_ghost_mentor/ros2_ws/build/ghost_mentor/prefix_override:/usr/lib/python3/dist-packages/colcon_core/task/python/colcon_distutils_commands:/home/rhkrgusdud/ar_ghost_mentor/ros2_ws/install/ghost_mentor/lib/python3.10/site-packages:${PYTHONPATH} /usr/bin/python3 -W ignore:setup.py install is deprecated -W ignore:easy_install command is deprecated setup.py egg_info --egg-base ../../build/ghost_mentor build --build-base /home/rhkrgusdud/ar_ghost_mentor/ros2_ws/build/ghost_mentor/build install --record /home/rhkrgusdud/ar_ghost_mentor/ros2_ws/build/ghost_mentor/install.log --single-version-externally-managed install_data
[2.142s] DEBUG:colcon.colcon_core.event_handler.log_command:Invoked command in '/home/rhkrgusdud/ar_ghost_mentor/ros2_ws/src/ghost_mentor' returned '0': PYTHONPATH=/home/rhkrgusdud/ar_ghost_mentor/ros2_ws/build/ghost_mentor/prefix_override:/usr/lib/python3/dist-packages/colcon_core/task/python/colcon_distutils_commands:/home/rhkrgusdud/ar_ghost_mentor/ros2_ws/install/ghost_mentor/lib/python3.10/site-packages:${PYTHONPATH} /usr/bin/python3 -W ignore:setup.py install is deprecated -W ignore:easy_install command is deprecated setup.py egg_info --egg-base ../../build/ghost_mentor build --build-base /home/rhkrgusdud/ar_ghost_mentor/ros2_ws/build/ghost_mentor/build install --record /home/rhkrgusdud/ar_ghost_mentor/ros2_ws/build/ghost_mentor/install.log --single-version-externally-managed install_data
[2.148s] Level 1:colcon.colcon_core.environment:checking '/home/rhkrgusdud/ar_ghost_mentor/ros2_ws/install/ghost_mentor' for CMake module files
[2.149s] Level 1:colcon.colcon_core.environment:checking '/home/rhkrgusdud/ar_ghost_mentor/ros2_ws/install/ghost_mentor' for CMake config files
[2.151s] Level 1:colcon.colcon_core.environment:checking '/home/rhkrgusdud/ar_ghost_mentor/ros2_ws/install/ghost_mentor/lib'
[2.151s] Level 1:colcon.colcon_core.environment:checking '/home/rhkrgusdud/ar_ghost_mentor/ros2_ws/install/ghost_mentor/bin'
[2.151s] Level 1:colcon.colcon_core.environment:checking '/home/rhkrgusdud/ar_ghost_mentor/ros2_ws/install/ghost_mentor/lib/pkgconfig/ghost_mentor.pc'
[2.152s] Level 1:colcon.colcon_core.environment:checking '/home/rhkrgusdud/ar_ghost_mentor/ros2_ws/install/ghost_mentor/lib/python3.10/site-packages'
[2.152s] Level 1:colcon.colcon_core.shell:create_environment_hook('ghost_mentor', 'pythonpath')
[2.152s] INFO:colcon.colcon_core.shell:Creating environment hook '/home/rhkrgusdud/ar_ghost_mentor/ros2_ws/install/ghost_mentor/share/ghost_mentor/hook/pythonpath.ps1'
[2.153s] INFO:colcon.colcon_core.shell:Creating environment descriptor '/home/rhkrgusdud/ar_ghost_mentor/ros2_ws/install/ghost_mentor/share/ghost_mentor/hook/pythonpath.dsv'
[2.154s] INFO:colcon.colcon_core.shell:Creating environment hook '/home/rhkrgusdud/ar_ghost_mentor/ros2_ws/install/ghost_mentor/share/ghost_mentor/hook/pythonpath.sh'
[2.155s] Level 1:colcon.colcon_core.environment:checking '/home/rhkrgusdud/ar_ghost_mentor/ros2_ws/install/ghost_mentor/bin'
[2.155s] Level 1:colcon.colcon_core.environment:create_environment_scripts_only(ghost_mentor)
[2.155s] INFO:colcon.colcon_core.shell:Creating package script '/home/rhkrgusdud/ar_ghost_mentor/ros2_ws/install/ghost_mentor/share/ghost_mentor/package.ps1'
[2.157s] INFO:colcon.colcon_core.shell:Creating package descriptor '/home/rhkrgusdud/ar_ghost_mentor/ros2_ws/install/ghost_mentor/share/ghost_mentor/package.dsv'
[2.157s] INFO:colcon.colcon_core.shell:Creating package script '/home/rhkrgusdud/ar_ghost_mentor/ros2_ws/install/ghost_mentor/share/ghost_mentor/package.sh'
[2.159s] INFO:colcon.colcon_core.shell:Creating package script '/home/rhkrgusdud/ar_ghost_mentor/ros2_ws/install/ghost_mentor/share/ghost_mentor/package.bash'
[2.160s] INFO:colcon.colcon_core.shell:Creating package script '/home/rhkrgusdud/ar_ghost_mentor/ros2_ws/install/ghost_mentor/share/ghost_mentor/package.zsh'
[2.161s] Level 1:colcon.colcon_core.environment:create_file_with_runtime_dependencies(/home/rhkrgusdud/ar_ghost_mentor/ros2_ws/install/ghost_mentor/share/colcon-core/packages/ghost_mentor)
[2.161s] DEBUG:colcon.colcon_parallel_executor.executor.parallel:closing loop
[2.162s] DEBUG:colcon.colcon_parallel_executor.executor.parallel:loop closed
[2.162s] DEBUG:colcon.colcon_parallel_executor.executor.parallel:run_until_complete finished with '0'
[2.162s] DEBUG:colcon.colcon_core.event_reactor:joining thread
[2.170s] INFO:colcon.colcon_core.plugin_system:Skipping extension 'colcon_notification.desktop_notification.terminal_notifier': Not used on non-Darwin systems
[2.170s] INFO:colcon.colcon_core.plugin_system:Skipping extension 'colcon_notification.desktop_notification.win32': Not used on non-Windows systems
[2.170s] INFO:colcon.colcon_notification.desktop_notification:Sending desktop notification using 'notify2'
[2.189s] DEBUG:colcon.colcon_core.event_reactor:joined thread
[2.190s] INFO:colcon.colcon_core.shell:Creating prefix script '/home/rhkrgusdud/ar_ghost_mentor/ros2_ws/install/local_setup.ps1'
[2.191s] INFO:colcon.colcon_core.shell:Creating prefix util module '/home/rhkrgusdud/ar_ghost_mentor/ros2_ws/install/_local_setup_util_ps1.py'
[2.193s] INFO:colcon.colcon_core.shell:Creating prefix chain script '/home/rhkrgusdud/ar_ghost_mentor/ros2_ws/install/setup.ps1'
[2.195s] INFO:colcon.colcon_core.shell:Creating prefix script '/home/rhkrgusdud/ar_ghost_mentor/ros2_ws/install/local_setup.sh'
[2.195s] INFO:colcon.colcon_core.shell:Creating prefix util module '/home/rhkrgusdud/ar_ghost_mentor/ros2_ws/install/_local_setup_util_sh.py'
[2.196s] INFO:colcon.colcon_core.shell:Creating prefix chain script '/home/rhkrgusdud/ar_ghost_mentor/ros2_ws/install/setup.sh'
[2.197s] INFO:colcon.colcon_core.shell:Creating prefix script '/home/rhkrgusdud/ar_ghost_mentor/ros2_ws/install/local_setup.bash'
[2.198s] INFO:colcon.colcon_core.shell:Creating prefix chain script '/home/rhkrgusdud/ar_ghost_mentor/ros2_ws/install/setup.bash'
[2.200s] INFO:colcon.colcon_core.shell:Creating prefix script '/home/rhkrgusdud/ar_ghost_mentor/ros2_ws/install/local_setup.zsh'
[2.200s] INFO:colcon.colcon_core.shell:Creating prefix chain script '/home/rhkrgusdud/ar_ghost_mentor/ros2_ws/install/setup.zsh'
